{
"contracts/PreSale.sol":{"l":{"30":0,"31":0,"33":0,"47":0,"61":0,"62":0,"64":0,"81":0,"82":0,"85":0,"86":0,"88":0,"104":0,"120":0,"121":0,"124":0,"140":0,"156":0,"157":0,"161":0,"162":0,"175":0,"179":0,"180":0,"184":0,"185":0,"216":0,"220":0,"224":0,"229":0,"230":0,"231":0,"232":0,"233":0,"237":0,"238":0,"239":0,"241":0,"242":0,"244":0,"248":0,"249":0,"250":0,"251":0,"252":0,"253":0,"266":0,"268":0,"269":0,"270":0},"path":"/home/zaryab/blockchain_begins/all_about_ethereum/quillHash_CODES/infinityYield/contracts/PreSale.sol","s":{"1":0,"2":0,"3":0,"4":0,"5":0,"6":0,"7":0,"8":0,"9":0,"10":0,"11":0,"12":0,"13":0,"14":0,"15":0,"16":0,"17":0,"18":0,"19":0,"20":0,"21":0,"22":0,"23":0,"24":0,"25":0,"26":0,"27":0,"28":0,"29":0,"30":0,"31":0,"32":0,"33":0,"34":0,"35":0,"36":0,"37":0,"38":0,"39":0,"40":0,"41":0,"42":0,"43":0,"44":0,"45":0,"46":0,"47":0,"48":0},"b":{"1":[0,0],"2":[0,0],"3":[0,0],"4":[0,0],"5":[0,0],"6":[0,0],"7":[0,0],"8":[0,0],"9":[0,0],"10":[0,0],"11":[0,0],"12":[0,0],"13":[0,0],"14":[0,0],"15":[0,0],"16":[0,0],"17":[0,0]},"f":{"1":0,"2":0,"3":0,"4":0,"5":0,"6":0,"7":0,"8":0,"9":0,"10":0,"11":0,"12":0,"13":0,"14":0,"15":0,"16":0,"17":0,"18":0},"fnMap":{"1":{"name":"add","line":29,"loc":{"start":{"line":29,"column":4},"end":{"line":34,"column":4}}},"2":{"name":"sub","line":46,"loc":{"start":{"line":46,"column":4},"end":{"line":48,"column":4}}},"3":{"name":"sub","line":60,"loc":{"start":{"line":60,"column":4},"end":{"line":65,"column":4}}},"4":{"name":"mul","line":77,"loc":{"start":{"line":77,"column":4},"end":{"line":89,"column":4}}},"5":{"name":"div","line":103,"loc":{"start":{"line":103,"column":4},"end":{"line":105,"column":4}}},"6":{"name":"div","line":119,"loc":{"start":{"line":119,"column":4},"end":{"line":125,"column":4}}},"7":{"name":"mod","line":139,"loc":{"start":{"line":139,"column":4},"end":{"line":141,"column":4}}},"8":{"name":"mod","line":155,"loc":{"start":{"line":155,"column":4},"end":{"line":158,"column":4}}},"9":{"name":"ceil","line":160,"loc":{"start":{"line":160,"column":4},"end":{"line":163,"column":4}}},"10":{"name":"constructor","line":174,"loc":{"start":{"line":174,"column":4},"end":{"line":176,"column":4}}},"11":{"name":"onlyOwner","line":178,"loc":{"start":{"line":178,"column":4},"end":{"line":181,"column":4}}},"12":{"name":"transferOwnership","line":183,"loc":{"start":{"line":183,"column":4},"end":{"line":186,"column":4}}},"13":{"name":"constructor","line":215,"loc":{"start":{"line":215,"column":4},"end":{"line":217,"column":4}}},"14":{"name":"getTime","line":223,"loc":{"start":{"line":223,"column":4},"end":{"line":226,"column":4}}},"15":{"name":"Invest","line":228,"loc":{"start":{"line":228,"column":4},"end":{"line":234,"column":4}}},"16":{"name":"getTokenAmount","line":236,"loc":{"start":{"line":236,"column":4},"end":{"line":245,"column":4}}},"17":{"name":"ClaimTokens","line":247,"loc":{"start":{"line":247,"column":4},"end":{"line":254,"column":4}}},"18":{"name":"getUnSoldTokens","line":265,"loc":{"start":{"line":265,"column":4},"end":{"line":271,"column":4}}}},"statementMap":{"1":{"start":{"line":30,"column":8},"end":{"line":30,"column":25}},"2":{"start":{"line":31,"column":8},"end":{"line":31,"column":53}},"3":{"start":{"line":33,"column":8},"end":{"line":33,"column":16}},"4":{"start":{"line":47,"column":8},"end":{"line":47,"column":58}},"5":{"start":{"line":61,"column":8},"end":{"line":61,"column":36}},"6":{"start":{"line":62,"column":8},"end":{"line":62,"column":25}},"7":{"start":{"line":64,"column":8},"end":{"line":64,"column":16}},"8":{"start":{"line":81,"column":8},"end":{"line":81,"column":2492}},"9":{"start":{"line":82,"column":12},"end":{"line":82,"column":20}},"10":{"start":{"line":85,"column":8},"end":{"line":85,"column":25}},"11":{"start":{"line":86,"column":8},"end":{"line":86,"column":63}},"12":{"start":{"line":88,"column":8},"end":{"line":88,"column":16}},"13":{"start":{"line":104,"column":8},"end":{"line":104,"column":54}},"14":{"start":{"line":120,"column":8},"end":{"line":120,"column":35}},"15":{"start":{"line":121,"column":8},"end":{"line":121,"column":25}},"16":{"start":{"line":124,"column":8},"end":{"line":124,"column":16}},"17":{"start":{"line":140,"column":8},"end":{"line":140,"column":52}},"18":{"start":{"line":156,"column":8},"end":{"line":156,"column":36}},"19":{"start":{"line":157,"column":8},"end":{"line":157,"column":20}},"20":{"start":{"line":161,"column":8},"end":{"line":161,"column":68}},"21":{"start":{"line":162,"column":8},"end":{"line":162,"column":34}},"22":{"start":{"line":175,"column":8},"end":{"line":175,"column":25}},"23":{"start":{"line":179,"column":8},"end":{"line":179,"column":60}},"24":{"start":{"line":184,"column":8},"end":{"line":184,"column":24}},"25":{"start":{"line":185,"column":8},"end":{"line":185,"column":56}},"26":{"start":{"line":216,"column":8},"end":{"line":216,"column":35}},"27":{"start":{"line":224,"column":8},"end":{"line":224,"column":18}},"28":{"start":{"line":229,"column":8},"end":{"line":229,"column":68}},"29":{"start":{"line":230,"column":8},"end":{"line":230,"column":50}},"30":{"start":{"line":231,"column":8},"end":{"line":231,"column":37}},"31":{"start":{"line":232,"column":8},"end":{"line":232,"column":49}},"32":{"start":{"line":233,"column":8},"end":{"line":233,"column":32}},"33":{"start":{"line":237,"column":8},"end":{"line":237,"column":27}},"34":{"start":{"line":238,"column":8},"end":{"line":238,"column":7825}},"35":{"start":{"line":239,"column":12},"end":{"line":239,"column":33}},"36":{"start":{"line":241,"column":8},"end":{"line":241,"column":7911}},"37":{"start":{"line":242,"column":12},"end":{"line":242,"column":32}},"38":{"start":{"line":244,"column":8},"end":{"line":244,"column":22}},"39":{"start":{"line":248,"column":8},"end":{"line":248,"column":64}},"40":{"start":{"line":249,"column":8},"end":{"line":249,"column":59}},"41":{"start":{"line":250,"column":8},"end":{"line":250,"column":45}},"42":{"start":{"line":251,"column":8},"end":{"line":251,"column":31}},"43":{"start":{"line":252,"column":8},"end":{"line":252,"column":65}},"44":{"start":{"line":253,"column":8},"end":{"line":253,"column":19}},"45":{"start":{"line":266,"column":8},"end":{"line":266,"column":63}},"46":{"start":{"line":268,"column":8},"end":{"line":268,"column":80}},"47":{"start":{"line":269,"column":8},"end":{"line":269,"column":68}},"48":{"start":{"line":270,"column":8},"end":{"line":270,"column":98}}},"branchMap":{"1":{"line":31,"type":"if","locations":[{"start":{"line":31,"column":8},"end":{"line":31,"column":8}},{"start":{"line":31,"column":8},"end":{"line":31,"column":8}}]},"2":{"line":61,"type":"if","locations":[{"start":{"line":61,"column":8},"end":{"line":61,"column":8}},{"start":{"line":61,"column":8},"end":{"line":61,"column":8}}]},"3":{"line":81,"type":"if","locations":[{"start":{"line":81,"column":8},"end":{"line":81,"column":8}},{"start":{"line":81,"column":8},"end":{"line":81,"column":8}}]},"4":{"line":86,"type":"if","locations":[{"start":{"line":86,"column":8},"end":{"line":86,"column":8}},{"start":{"line":86,"column":8},"end":{"line":86,"column":8}}]},"5":{"line":120,"type":"if","locations":[{"start":{"line":120,"column":8},"end":{"line":120,"column":8}},{"start":{"line":120,"column":8},"end":{"line":120,"column":8}}]},"6":{"line":156,"type":"if","locations":[{"start":{"line":156,"column":8},"end":{"line":156,"column":8}},{"start":{"line":156,"column":8},"end":{"line":156,"column":8}}]},"7":{"line":161,"type":"if","locations":[{"start":{"line":161,"column":8},"end":{"line":161,"column":8}},{"start":{"line":161,"column":8},"end":{"line":161,"column":8}}]},"8":{"line":179,"type":"if","locations":[{"start":{"line":179,"column":8},"end":{"line":179,"column":8}},{"start":{"line":179,"column":8},"end":{"line":179,"column":8}}]},"9":{"line":229,"type":"if","locations":[{"start":{"line":229,"column":8},"end":{"line":229,"column":8}},{"start":{"line":229,"column":8},"end":{"line":229,"column":8}}]},"10":{"line":238,"type":"if","locations":[{"start":{"line":238,"column":8},"end":{"line":238,"column":8}},{"start":{"line":238,"column":8},"end":{"line":238,"column":8}}]},"11":{"line":241,"type":"if","locations":[{"start":{"line":241,"column":8},"end":{"line":241,"column":8}},{"start":{"line":241,"column":8},"end":{"line":241,"column":8}}]},"12":{"line":248,"type":"if","locations":[{"start":{"line":248,"column":8},"end":{"line":248,"column":8}},{"start":{"line":248,"column":8},"end":{"line":248,"column":8}}]},"13":{"line":249,"type":"if","locations":[{"start":{"line":249,"column":8},"end":{"line":249,"column":8}},{"start":{"line":249,"column":8},"end":{"line":249,"column":8}}]},"14":{"line":252,"type":"if","locations":[{"start":{"line":252,"column":8},"end":{"line":252,"column":8}},{"start":{"line":252,"column":8},"end":{"line":252,"column":8}}]},"15":{"line":266,"type":"if","locations":[{"start":{"line":266,"column":8},"end":{"line":266,"column":8}},{"start":{"line":266,"column":8},"end":{"line":266,"column":8}}]},"16":{"line":269,"type":"if","locations":[{"start":{"line":269,"column":8},"end":{"line":269,"column":8}},{"start":{"line":269,"column":8},"end":{"line":269,"column":8}}]},"17":{"line":270,"type":"if","locations":[{"start":{"line":270,"column":8},"end":{"line":270,"column":8}},{"start":{"line":270,"column":8},"end":{"line":270,"column":8}}]}}},
"contracts/Stake.sol":{"l":{"29":0,"30":0,"32":0,"46":0,"60":0,"61":0,"63":0,"80":0,"81":0,"84":0,"85":0,"87":0,"103":0,"119":0,"120":0,"123":0,"139":0,"155":0,"156":0,"160":0,"161":0,"204":3,"208":0,"209":0,"213":0,"214":0,"255":3,"256":3,"258":3,"259":3,"261":3,"262":3,"264":3,"265":3,"274":0,"283":0,"284":0,"287":0,"290":0,"293":0,"294":0,"295":0,"296":0,"298":0,"302":0,"303":0,"304":0,"305":0,"314":0,"315":0,"317":0,"320":0,"323":0,"326":0,"328":0,"337":0,"338":0,"339":0,"341":0,"343":0,"344":0,"346":0,"349":0,"351":0,"358":0,"359":0,"360":0,"367":0,"368":0,"369":0},"path":"/home/zaryab/blockchain_begins/all_about_ethereum/quillHash_CODES/infinityYield/contracts/Stake.sol","s":{"1":0,"2":0,"3":0,"4":0,"5":0,"6":0,"7":0,"8":0,"9":0,"10":0,"11":0,"12":0,"13":0,"14":0,"15":0,"16":0,"17":0,"18":0,"19":0,"20":0,"21":0,"22":3,"23":0,"24":0,"25":0,"26":3,"27":3,"28":3,"29":3,"30":3,"31":3,"32":3,"33":3,"34":0,"35":0,"36":0,"37":0,"38":0,"39":0,"40":0,"41":0,"42":0,"43":0,"44":0,"45":0,"46":0,"47":0,"48":0,"49":0,"50":0,"51":0,"52":0,"53":0,"54":0,"55":0,"56":0,"57":0,"58":0,"59":0,"60":0,"61":0,"62":0,"63":0,"64":0,"65":0,"66":0,"67":0,"68":0,"69":0},"b":{"1":[0,0],"2":[0,0],"3":[0,0],"4":[0,0],"5":[0,0],"6":[0,0],"7":[0,0],"8":[0,0],"9":[0,0],"10":[0,0],"11":[0,0],"12":[0,0],"13":[0,0],"14":[0,0],"15":[0,0],"16":[0,0],"17":[0,0],"18":[0,0]},"f":{"1":0,"2":0,"3":0,"4":0,"5":0,"6":0,"7":0,"8":0,"9":0,"10":3,"11":0,"12":0,"13":3,"14":0,"15":0,"16":0,"17":0,"18":0,"19":0,"20":0},"fnMap":{"1":{"name":"add","line":28,"loc":{"start":{"line":28,"column":4},"end":{"line":33,"column":4}}},"2":{"name":"sub","line":45,"loc":{"start":{"line":45,"column":4},"end":{"line":47,"column":4}}},"3":{"name":"sub","line":59,"loc":{"start":{"line":59,"column":4},"end":{"line":64,"column":4}}},"4":{"name":"mul","line":76,"loc":{"start":{"line":76,"column":4},"end":{"line":88,"column":4}}},"5":{"name":"div","line":102,"loc":{"start":{"line":102,"column":4},"end":{"line":104,"column":4}}},"6":{"name":"div","line":118,"loc":{"start":{"line":118,"column":4},"end":{"line":124,"column":4}}},"7":{"name":"mod","line":138,"loc":{"start":{"line":138,"column":4},"end":{"line":140,"column":4}}},"8":{"name":"mod","line":154,"loc":{"start":{"line":154,"column":4},"end":{"line":157,"column":4}}},"9":{"name":"ceil","line":159,"loc":{"start":{"line":159,"column":4},"end":{"line":162,"column":4}}},"10":{"name":"constructor","line":203,"loc":{"start":{"line":203,"column":4},"end":{"line":205,"column":4}}},"11":{"name":"onlyOwner","line":207,"loc":{"start":{"line":207,"column":4},"end":{"line":210,"column":4}}},"12":{"name":"transferOwnership","line":212,"loc":{"start":{"line":212,"column":4},"end":{"line":215,"column":4}}},"13":{"name":"constructor","line":248,"loc":{"start":{"line":248,"column":4},"end":{"line":266,"column":4}}},"14":{"name":"setTokenAddress","line":273,"loc":{"start":{"line":273,"column":4},"end":{"line":275,"column":4}}},"15":{"name":"STAKE","line":282,"loc":{"start":{"line":282,"column":4},"end":{"line":299,"column":4}}},"16":{"name":"Exit","line":301,"loc":{"start":{"line":301,"column":4},"end":{"line":306,"column":4}}},"17":{"name":"ClaimReward","line":313,"loc":{"start":{"line":313,"column":4},"end":{"line":329,"column":4}}},"18":{"name":"UnStake","line":336,"loc":{"start":{"line":336,"column":4},"end":{"line":352,"column":4}}},"19":{"name":"pendingReward","line":357,"loc":{"start":{"line":357,"column":4},"end":{"line":361,"column":4}}},"20":{"name":"onePercent","line":366,"loc":{"start":{"line":366,"column":4},"end":{"line":370,"column":4}}}},"statementMap":{"1":{"start":{"line":29,"column":8},"end":{"line":29,"column":25}},"2":{"start":{"line":30,"column":8},"end":{"line":30,"column":53}},"3":{"start":{"line":32,"column":8},"end":{"line":32,"column":16}},"4":{"start":{"line":46,"column":8},"end":{"line":46,"column":58}},"5":{"start":{"line":60,"column":8},"end":{"line":60,"column":36}},"6":{"start":{"line":61,"column":8},"end":{"line":61,"column":25}},"7":{"start":{"line":63,"column":8},"end":{"line":63,"column":16}},"8":{"start":{"line":80,"column":8},"end":{"line":80,"column":2490}},"9":{"start":{"line":81,"column":12},"end":{"line":81,"column":20}},"10":{"start":{"line":84,"column":8},"end":{"line":84,"column":25}},"11":{"start":{"line":85,"column":8},"end":{"line":85,"column":63}},"12":{"start":{"line":87,"column":8},"end":{"line":87,"column":16}},"13":{"start":{"line":103,"column":8},"end":{"line":103,"column":54}},"14":{"start":{"line":119,"column":8},"end":{"line":119,"column":35}},"15":{"start":{"line":120,"column":8},"end":{"line":120,"column":25}},"16":{"start":{"line":123,"column":8},"end":{"line":123,"column":16}},"17":{"start":{"line":139,"column":8},"end":{"line":139,"column":52}},"18":{"start":{"line":155,"column":8},"end":{"line":155,"column":36}},"19":{"start":{"line":156,"column":8},"end":{"line":156,"column":20}},"20":{"start":{"line":160,"column":8},"end":{"line":160,"column":68}},"21":{"start":{"line":161,"column":8},"end":{"line":161,"column":34}},"22":{"start":{"line":204,"column":8},"end":{"line":204,"column":25}},"23":{"start":{"line":208,"column":8},"end":{"line":208,"column":60}},"24":{"start":{"line":213,"column":8},"end":{"line":213,"column":24}},"25":{"start":{"line":214,"column":8},"end":{"line":214,"column":56}},"26":{"start":{"line":255,"column":8},"end":{"line":255,"column":48}},"27":{"start":{"line":256,"column":8},"end":{"line":256,"column":46}},"28":{"start":{"line":258,"column":8},"end":{"line":258,"column":48}},"29":{"start":{"line":259,"column":8},"end":{"line":259,"column":47}},"30":{"start":{"line":261,"column":8},"end":{"line":261,"column":48}},"31":{"start":{"line":262,"column":8},"end":{"line":262,"column":48}},"32":{"start":{"line":264,"column":8},"end":{"line":264,"column":49}},"33":{"start":{"line":265,"column":8},"end":{"line":265,"column":48}},"34":{"start":{"line":274,"column":8},"end":{"line":274,"column":34}},"35":{"start":{"line":283,"column":8},"end":{"line":283,"column":79}},"36":{"start":{"line":284,"column":8},"end":{"line":284,"column":86}},"37":{"start":{"line":287,"column":8},"end":{"line":287,"column":45}},"38":{"start":{"line":290,"column":8},"end":{"line":290,"column":59}},"39":{"start":{"line":293,"column":8},"end":{"line":293,"column":87}},"40":{"start":{"line":294,"column":8},"end":{"line":294,"column":52}},"41":{"start":{"line":295,"column":8},"end":{"line":295,"column":114}},"42":{"start":{"line":296,"column":8},"end":{"line":296,"column":99}},"43":{"start":{"line":298,"column":8},"end":{"line":298,"column":54}},"44":{"start":{"line":302,"column":8},"end":{"line":302,"column":10275}},"45":{"start":{"line":303,"column":12},"end":{"line":303,"column":24}},"46":{"start":{"line":304,"column":8},"end":{"line":304,"column":10340}},"47":{"start":{"line":305,"column":12},"end":{"line":305,"column":20}},"48":{"start":{"line":314,"column":8},"end":{"line":314,"column":73}},"49":{"start":{"line":315,"column":8},"end":{"line":315,"column":98}},"50":{"start":{"line":317,"column":8},"end":{"line":317,"column":50}},"51":{"start":{"line":320,"column":8},"end":{"line":320,"column":60}},"52":{"start":{"line":323,"column":8},"end":{"line":323,"column":90}},"53":{"start":{"line":326,"column":8},"end":{"line":326,"column":74}},"54":{"start":{"line":328,"column":8},"end":{"line":328,"column":46}},"55":{"start":{"line":337,"column":8},"end":{"line":337,"column":63}},"56":{"start":{"line":338,"column":8},"end":{"line":338,"column":54}},"57":{"start":{"line":339,"column":8},"end":{"line":339,"column":100}},"58":{"start":{"line":341,"column":8},"end":{"line":341,"column":50}},"59":{"start":{"line":343,"column":8},"end":{"line":343,"column":12048}},"60":{"start":{"line":344,"column":12},"end":{"line":344,"column":66}},"61":{"start":{"line":346,"column":8},"end":{"line":346,"column":43}},"62":{"start":{"line":349,"column":8},"end":{"line":349,"column":45}},"63":{"start":{"line":351,"column":8},"end":{"line":351,"column":47}},"64":{"start":{"line":358,"column":8},"end":{"line":358,"column":101}},"65":{"start":{"line":359,"column":8},"end":{"line":359,"column":57}},"66":{"start":{"line":360,"column":8},"end":{"line":360,"column":54}},"67":{"start":{"line":367,"column":8},"end":{"line":367,"column":46}},"68":{"start":{"line":368,"column":8},"end":{"line":368,"column":76}},"69":{"start":{"line":369,"column":8},"end":{"line":369,"column":33}}},"branchMap":{"1":{"line":30,"type":"if","locations":[{"start":{"line":30,"column":8},"end":{"line":30,"column":8}},{"start":{"line":30,"column":8},"end":{"line":30,"column":8}}]},"2":{"line":60,"type":"if","locations":[{"start":{"line":60,"column":8},"end":{"line":60,"column":8}},{"start":{"line":60,"column":8},"end":{"line":60,"column":8}}]},"3":{"line":80,"type":"if","locations":[{"start":{"line":80,"column":8},"end":{"line":80,"column":8}},{"start":{"line":80,"column":8},"end":{"line":80,"column":8}}]},"4":{"line":85,"type":"if","locations":[{"start":{"line":85,"column":8},"end":{"line":85,"column":8}},{"start":{"line":85,"column":8},"end":{"line":85,"column":8}}]},"5":{"line":119,"type":"if","locations":[{"start":{"line":119,"column":8},"end":{"line":119,"column":8}},{"start":{"line":119,"column":8},"end":{"line":119,"column":8}}]},"6":{"line":155,"type":"if","locations":[{"start":{"line":155,"column":8},"end":{"line":155,"column":8}},{"start":{"line":155,"column":8},"end":{"line":155,"column":8}}]},"7":{"line":160,"type":"if","locations":[{"start":{"line":160,"column":8},"end":{"line":160,"column":8}},{"start":{"line":160,"column":8},"end":{"line":160,"column":8}}]},"8":{"line":208,"type":"if","locations":[{"start":{"line":208,"column":8},"end":{"line":208,"column":8}},{"start":{"line":208,"column":8},"end":{"line":208,"column":8}}]},"9":{"line":283,"type":"if","locations":[{"start":{"line":283,"column":8},"end":{"line":283,"column":8}},{"start":{"line":283,"column":8},"end":{"line":283,"column":8}}]},"10":{"line":284,"type":"if","locations":[{"start":{"line":284,"column":8},"end":{"line":284,"column":8}},{"start":{"line":284,"column":8},"end":{"line":284,"column":8}}]},"11":{"line":302,"type":"if","locations":[{"start":{"line":302,"column":8},"end":{"line":302,"column":8}},{"start":{"line":302,"column":8},"end":{"line":302,"column":8}}]},"12":{"line":304,"type":"if","locations":[{"start":{"line":304,"column":8},"end":{"line":304,"column":8}},{"start":{"line":304,"column":8},"end":{"line":304,"column":8}}]},"13":{"line":314,"type":"if","locations":[{"start":{"line":314,"column":8},"end":{"line":314,"column":8}},{"start":{"line":314,"column":8},"end":{"line":314,"column":8}}]},"14":{"line":315,"type":"if","locations":[{"start":{"line":315,"column":8},"end":{"line":315,"column":8}},{"start":{"line":315,"column":8},"end":{"line":315,"column":8}}]},"15":{"line":326,"type":"if","locations":[{"start":{"line":326,"column":8},"end":{"line":326,"column":8}},{"start":{"line":326,"column":8},"end":{"line":326,"column":8}}]},"16":{"line":338,"type":"if","locations":[{"start":{"line":338,"column":8},"end":{"line":338,"column":8}},{"start":{"line":338,"column":8},"end":{"line":338,"column":8}}]},"17":{"line":339,"type":"if","locations":[{"start":{"line":339,"column":8},"end":{"line":339,"column":8}},{"start":{"line":339,"column":8},"end":{"line":339,"column":8}}]},"18":{"line":343,"type":"if","locations":[{"start":{"line":343,"column":8},"end":{"line":343,"column":8}},{"start":{"line":343,"column":8},"end":{"line":343,"column":8}}]}}},
"contracts/TokenSale.sol":{"l":{"21":0,"22":0,"24":0,"37":0,"52":0,"53":0,"55":0,"71":0,"72":0,"75":0,"76":0,"78":0,"93":0,"111":0,"112":0,"115":0,"118":0,"133":0,"137":0,"138":0,"142":0,"143":0,"195":0,"196":0,"197":0,"202":0,"208":0,"215":0,"248":0,"249":0,"250":0,"252":0,"253":0,"255":0,"256":0,"257":0,"259":0,"260":0,"261":0,"262":0,"263":0,"264":0,"266":0,"276":0,"277":0,"278":0,"291":0,"292":0,"293":0,"294":0,"296":0,"297":0,"298":0,"299":0,"301":0,"302":0,"303":0,"304":0,"305":0,"306":0,"308":0,"316":0,"325":0,"326":0,"327":0},"path":"/home/zaryab/blockchain_begins/all_about_ethereum/quillHash_CODES/infinityYield/contracts/TokenSale.sol","s":{"1":0,"2":0,"3":0,"4":0,"5":0,"6":0,"7":0,"8":0,"9":0,"10":0,"11":0,"12":0,"13":0,"14":0,"15":0,"16":0,"17":0,"18":0,"19":0,"20":0,"21":0,"22":0,"23":0,"24":0,"25":0,"26":0,"27":0,"28":0,"29":0,"30":0,"31":0,"32":0,"33":0,"34":0,"35":0,"36":0,"37":0,"38":0,"39":0,"40":0,"41":0,"42":0,"43":0,"44":0,"45":0,"46":0,"47":0,"48":0,"49":0,"50":0,"51":0,"52":0,"53":0,"54":0,"55":0,"56":0,"57":0,"58":0,"59":0,"60":0,"61":0,"62":0,"63":0,"64":0},"b":{"1":[0,0],"2":[0,0],"3":[0,0],"4":[0,0],"5":[0,0],"6":[0,0],"7":[0,0],"8":[0,0],"9":[0,0],"10":[0,0],"11":[0,0],"12":[0,0],"13":[0,0]},"f":{"1":0,"2":0,"3":0,"4":0,"5":0,"6":0,"7":0,"8":0,"9":0,"10":0,"11":0,"12":0,"13":0,"14":0,"15":0,"16":0,"17":0,"18":0,"19":0},"fnMap":{"1":{"name":"add","line":20,"loc":{"start":{"line":20,"column":4},"end":{"line":25,"column":4}}},"2":{"name":"sub","line":36,"loc":{"start":{"line":36,"column":4},"end":{"line":38,"column":4}}},"3":{"name":"sub","line":51,"loc":{"start":{"line":51,"column":4},"end":{"line":56,"column":4}}},"4":{"name":"mul","line":67,"loc":{"start":{"line":67,"column":4},"end":{"line":79,"column":4}}},"5":{"name":"div","line":92,"loc":{"start":{"line":92,"column":4},"end":{"line":94,"column":4}}},"6":{"name":"div","line":109,"loc":{"start":{"line":109,"column":4},"end":{"line":116,"column":4}}},"7":{"name":"ceil","line":117,"loc":{"start":{"line":117,"column":5},"end":{"line":119,"column":2}}},"8":{"name":"constructor","line":132,"loc":{"start":{"line":132,"column":4},"end":{"line":134,"column":4}}},"9":{"name":"onlyOwner","line":136,"loc":{"start":{"line":136,"column":4},"end":{"line":139,"column":4}}},"10":{"name":"transferOwnership","line":141,"loc":{"start":{"line":141,"column":4},"end":{"line":144,"column":4}}},"11":{"name":"constructor","line":193,"loc":{"start":{"line":193,"column":4},"end":{"line":199,"column":4}}},"12":{"name":"ChangeTax","line":201,"loc":{"start":{"line":201,"column":4},"end":{"line":203,"column":4}}},"13":{"name":"totalSupply","line":207,"loc":{"start":{"line":207,"column":4},"end":{"line":209,"column":4}}},"14":{"name":"balanceOf","line":214,"loc":{"start":{"line":214,"column":4},"end":{"line":216,"column":4}}},"15":{"name":"transfer","line":247,"loc":{"start":{"line":247,"column":4},"end":{"line":267,"column":4}}},"16":{"name":"approve","line":275,"loc":{"start":{"line":275,"column":4},"end":{"line":279,"column":4}}},"17":{"name":"transferFrom","line":290,"loc":{"start":{"line":290,"column":4},"end":{"line":309,"column":4}}},"18":{"name":"allowance","line":315,"loc":{"start":{"line":315,"column":4},"end":{"line":317,"column":4}}},"19":{"name":"onePercent","line":324,"loc":{"start":{"line":324,"column":4},"end":{"line":328,"column":4}}}},"statementMap":{"1":{"start":{"line":21,"column":8},"end":{"line":21,"column":25}},"2":{"start":{"line":22,"column":8},"end":{"line":22,"column":53}},"3":{"start":{"line":24,"column":8},"end":{"line":24,"column":16}},"4":{"start":{"line":37,"column":8},"end":{"line":37,"column":67}},"5":{"start":{"line":52,"column":8},"end":{"line":52,"column":36}},"6":{"start":{"line":53,"column":8},"end":{"line":53,"column":25}},"7":{"start":{"line":55,"column":8},"end":{"line":55,"column":16}},"8":{"start":{"line":71,"column":8},"end":{"line":71,"column":2040}},"9":{"start":{"line":72,"column":12},"end":{"line":72,"column":20}},"10":{"start":{"line":75,"column":8},"end":{"line":75,"column":25}},"11":{"start":{"line":76,"column":8},"end":{"line":76,"column":63}},"12":{"start":{"line":78,"column":8},"end":{"line":78,"column":16}},"13":{"start":{"line":93,"column":8},"end":{"line":93,"column":54}},"14":{"start":{"line":111,"column":8},"end":{"line":111,"column":35}},"15":{"start":{"line":112,"column":8},"end":{"line":112,"column":25}},"16":{"start":{"line":115,"column":8},"end":{"line":115,"column":16}},"17":{"start":{"line":118,"column":4},"end":{"line":118,"column":30}},"18":{"start":{"line":133,"column":8},"end":{"line":133,"column":25}},"19":{"start":{"line":137,"column":8},"end":{"line":137,"column":35}},"20":{"start":{"line":142,"column":8},"end":{"line":142,"column":24}},"21":{"start":{"line":143,"column":8},"end":{"line":143,"column":56}},"22":{"start":{"line":195,"column":8},"end":{"line":195,"column":40}},"23":{"start":{"line":196,"column":8},"end":{"line":196,"column":38}},"24":{"start":{"line":197,"column":8},"end":{"line":197,"column":55}},"25":{"start":{"line":202,"column":8},"end":{"line":202,"column":20}},"26":{"start":{"line":208,"column":7},"end":{"line":208,"column":26}},"27":{"start":{"line":215,"column":8},"end":{"line":215,"column":35}},"28":{"start":{"line":248,"column":8},"end":{"line":248,"column":41}},"29":{"start":{"line":249,"column":8},"end":{"line":249,"column":46}},"30":{"start":{"line":250,"column":8},"end":{"line":250,"column":53}},"31":{"start":{"line":252,"column":8},"end":{"line":252,"column":62}},"32":{"start":{"line":253,"column":8},"end":{"line":253,"column":29}},"33":{"start":{"line":255,"column":6},"end":{"line":255,"column":9342}},"34":{"start":{"line":256,"column":8},"end":{"line":256,"column":61}},"35":{"start":{"line":257,"column":8},"end":{"line":257,"column":60}},"36":{"start":{"line":259,"column":8},"end":{"line":259,"column":46}},"37":{"start":{"line":260,"column":8},"end":{"line":260,"column":51}},"38":{"start":{"line":261,"column":8},"end":{"line":261,"column":49}},"39":{"start":{"line":262,"column":8},"end":{"line":262,"column":84}},"40":{"start":{"line":263,"column":8},"end":{"line":263,"column":61}},"41":{"start":{"line":264,"column":8},"end":{"line":264,"column":60}},"42":{"start":{"line":266,"column":8},"end":{"line":266,"column":19}},"43":{"start":{"line":276,"column":8},"end":{"line":276,"column":44}},"44":{"start":{"line":277,"column":8},"end":{"line":277,"column":48}},"45":{"start":{"line":278,"column":8},"end":{"line":278,"column":19}},"46":{"start":{"line":291,"column":8},"end":{"line":291,"column":69}},"47":{"start":{"line":292,"column":8},"end":{"line":292,"column":60}},"48":{"start":{"line":293,"column":8},"end":{"line":293,"column":50}},"49":{"start":{"line":294,"column":8},"end":{"line":294,"column":72}},"50":{"start":{"line":296,"column":8},"end":{"line":296,"column":29}},"51":{"start":{"line":297,"column":9},"end":{"line":297,"column":11537}},"52":{"start":{"line":298,"column":8},"end":{"line":298,"column":61}},"53":{"start":{"line":299,"column":8},"end":{"line":299,"column":60}},"54":{"start":{"line":301,"column":8},"end":{"line":301,"column":46}},"55":{"start":{"line":302,"column":8},"end":{"line":302,"column":51}},"56":{"start":{"line":303,"column":8},"end":{"line":303,"column":49}},"57":{"start":{"line":304,"column":8},"end":{"line":304,"column":84}},"58":{"start":{"line":305,"column":8},"end":{"line":305,"column":61}},"59":{"start":{"line":306,"column":8},"end":{"line":306,"column":60}},"60":{"start":{"line":308,"column":8},"end":{"line":308,"column":19}},"61":{"start":{"line":316,"column":8},"end":{"line":316,"column":43}},"62":{"start":{"line":325,"column":8},"end":{"line":325,"column":46}},"63":{"start":{"line":326,"column":8},"end":{"line":326,"column":76}},"64":{"start":{"line":327,"column":8},"end":{"line":327,"column":33}}},"branchMap":{"1":{"line":22,"type":"if","locations":[{"start":{"line":22,"column":8},"end":{"line":22,"column":8}},{"start":{"line":22,"column":8},"end":{"line":22,"column":8}}]},"2":{"line":52,"type":"if","locations":[{"start":{"line":52,"column":8},"end":{"line":52,"column":8}},{"start":{"line":52,"column":8},"end":{"line":52,"column":8}}]},"3":{"line":71,"type":"if","locations":[{"start":{"line":71,"column":8},"end":{"line":71,"column":8}},{"start":{"line":71,"column":8},"end":{"line":71,"column":8}}]},"4":{"line":76,"type":"if","locations":[{"start":{"line":76,"column":8},"end":{"line":76,"column":8}},{"start":{"line":76,"column":8},"end":{"line":76,"column":8}}]},"5":{"line":111,"type":"if","locations":[{"start":{"line":111,"column":8},"end":{"line":111,"column":8}},{"start":{"line":111,"column":8},"end":{"line":111,"column":8}}]},"6":{"line":137,"type":"if","locations":[{"start":{"line":137,"column":8},"end":{"line":137,"column":8}},{"start":{"line":137,"column":8},"end":{"line":137,"column":8}}]},"7":{"line":248,"type":"if","locations":[{"start":{"line":248,"column":8},"end":{"line":248,"column":8}},{"start":{"line":248,"column":8},"end":{"line":248,"column":8}}]},"8":{"line":249,"type":"if","locations":[{"start":{"line":249,"column":8},"end":{"line":249,"column":8}},{"start":{"line":249,"column":8},"end":{"line":249,"column":8}}]},"9":{"line":250,"type":"if","locations":[{"start":{"line":250,"column":8},"end":{"line":250,"column":8}},{"start":{"line":250,"column":8},"end":{"line":250,"column":8}}]},"10":{"line":255,"type":"if","locations":[{"start":{"line":255,"column":6},"end":{"line":255,"column":6}},{"start":{"line":255,"column":6},"end":{"line":255,"column":6}}]},"11":{"line":291,"type":"if","locations":[{"start":{"line":291,"column":8},"end":{"line":291,"column":8}},{"start":{"line":291,"column":8},"end":{"line":291,"column":8}}]},"12":{"line":292,"type":"if","locations":[{"start":{"line":292,"column":8},"end":{"line":292,"column":8}},{"start":{"line":292,"column":8},"end":{"line":292,"column":8}}]},"13":{"line":297,"type":"if","locations":[{"start":{"line":297,"column":9},"end":{"line":297,"column":9}},{"start":{"line":297,"column":9},"end":{"line":297,"column":9}}]}}}}
