TN:
SF:/home/zaryab/blockchain_begins/all_about_ethereum/quillHash_CODES/infinityYield/contracts/PreSale.sol
FN:29,add
FN:46,sub
FN:60,sub
FN:77,mul
FN:103,div
FN:119,div
FN:139,mod
FN:155,mod
FN:160,ceil
FN:174,constructor
FN:178,onlyOwner
FN:183,transferOwnership
FN:215,constructor
FN:223,getTime
FN:228,Invest
FN:236,getTokenAmount
FN:247,ClaimTokens
FN:265,getUnSoldTokens
FNF:18
FNH:0
FNDA:0,add
FNDA:0,sub
FNDA:0,sub
FNDA:0,mul
FNDA:0,div
FNDA:0,div
FNDA:0,mod
FNDA:0,mod
FNDA:0,ceil
FNDA:0,constructor
FNDA:0,onlyOwner
FNDA:0,transferOwnership
FNDA:0,constructor
FNDA:0,getTime
FNDA:0,Invest
FNDA:0,getTokenAmount
FNDA:0,ClaimTokens
FNDA:0,getUnSoldTokens
DA:30,0
DA:31,0
DA:33,0
DA:47,0
DA:61,0
DA:62,0
DA:64,0
DA:81,0
DA:82,0
DA:85,0
DA:86,0
DA:88,0
DA:104,0
DA:120,0
DA:121,0
DA:124,0
DA:140,0
DA:156,0
DA:157,0
DA:161,0
DA:162,0
DA:175,0
DA:179,0
DA:180,0
DA:184,0
DA:185,0
DA:216,0
DA:220,0
DA:224,0
DA:229,0
DA:230,0
DA:231,0
DA:232,0
DA:233,0
DA:237,0
DA:238,0
DA:239,0
DA:241,0
DA:242,0
DA:244,0
DA:248,0
DA:249,0
DA:250,0
DA:251,0
DA:252,0
DA:253,0
DA:266,0
DA:268,0
DA:269,0
DA:270,0
LF:50
LH:0
BRDA:31,1,0,0
BRDA:31,1,1,0
BRDA:61,2,0,0
BRDA:61,2,1,0
BRDA:81,3,0,0
BRDA:81,3,1,0
BRDA:86,4,0,0
BRDA:86,4,1,0
BRDA:120,5,0,0
BRDA:120,5,1,0
BRDA:156,6,0,0
BRDA:156,6,1,0
BRDA:161,7,0,0
BRDA:161,7,1,0
BRDA:179,8,0,0
BRDA:179,8,1,0
BRDA:229,9,0,0
BRDA:229,9,1,0
BRDA:238,10,0,0
BRDA:238,10,1,0
BRDA:241,11,0,0
BRDA:241,11,1,0
BRDA:248,12,0,0
BRDA:248,12,1,0
BRDA:249,13,0,0
BRDA:249,13,1,0
BRDA:252,14,0,0
BRDA:252,14,1,0
BRDA:266,15,0,0
BRDA:266,15,1,0
BRDA:269,16,0,0
BRDA:269,16,1,0
BRDA:270,17,0,0
BRDA:270,17,1,0
BRF:34
BRH:0
end_of_record
TN:
SF:/home/zaryab/blockchain_begins/all_about_ethereum/quillHash_CODES/infinityYield/contracts/Stake.sol
FN:28,add
FN:45,sub
FN:59,sub
FN:76,mul
FN:102,div
FN:118,div
FN:138,mod
FN:154,mod
FN:159,ceil
FN:203,constructor
FN:207,onlyOwner
FN:212,transferOwnership
FN:248,constructor
FN:273,setTokenAddress
FN:282,STAKE
FN:301,Exit
FN:313,ClaimReward
FN:336,UnStake
FN:357,pendingReward
FN:366,onePercent
FNF:20
FNH:2
FNDA:0,add
FNDA:0,sub
FNDA:0,sub
FNDA:0,mul
FNDA:0,div
FNDA:0,div
FNDA:0,mod
FNDA:0,mod
FNDA:0,ceil
FNDA:3,constructor
FNDA:0,onlyOwner
FNDA:0,transferOwnership
FNDA:3,constructor
FNDA:0,setTokenAddress
FNDA:0,STAKE
FNDA:0,Exit
FNDA:0,ClaimReward
FNDA:0,UnStake
FNDA:0,pendingReward
FNDA:0,onePercent
DA:29,0
DA:30,0
DA:32,0
DA:46,0
DA:60,0
DA:61,0
DA:63,0
DA:80,0
DA:81,0
DA:84,0
DA:85,0
DA:87,0
DA:103,0
DA:119,0
DA:120,0
DA:123,0
DA:139,0
DA:155,0
DA:156,0
DA:160,0
DA:161,0
DA:204,3
DA:208,0
DA:209,0
DA:213,0
DA:214,0
DA:255,3
DA:256,3
DA:258,3
DA:259,3
DA:261,3
DA:262,3
DA:264,3
DA:265,3
DA:274,0
DA:283,0
DA:284,0
DA:287,0
DA:290,0
DA:293,0
DA:294,0
DA:295,0
DA:296,0
DA:298,0
DA:302,0
DA:303,0
DA:304,0
DA:305,0
DA:314,0
DA:315,0
DA:317,0
DA:320,0
DA:323,0
DA:326,0
DA:328,0
DA:337,0
DA:338,0
DA:339,0
DA:341,0
DA:343,0
DA:344,0
DA:346,0
DA:349,0
DA:351,0
DA:358,0
DA:359,0
DA:360,0
DA:367,0
DA:368,0
DA:369,0
LF:70
LH:9
BRDA:30,1,0,0
BRDA:30,1,1,0
BRDA:60,2,0,0
BRDA:60,2,1,0
BRDA:80,3,0,0
BRDA:80,3,1,0
BRDA:85,4,0,0
BRDA:85,4,1,0
BRDA:119,5,0,0
BRDA:119,5,1,0
BRDA:155,6,0,0
BRDA:155,6,1,0
BRDA:160,7,0,0
BRDA:160,7,1,0
BRDA:208,8,0,0
BRDA:208,8,1,0
BRDA:283,9,0,0
BRDA:283,9,1,0
BRDA:284,10,0,0
BRDA:284,10,1,0
BRDA:302,11,0,0
BRDA:302,11,1,0
BRDA:304,12,0,0
BRDA:304,12,1,0
BRDA:314,13,0,0
BRDA:314,13,1,0
BRDA:315,14,0,0
BRDA:315,14,1,0
BRDA:326,15,0,0
BRDA:326,15,1,0
BRDA:338,16,0,0
BRDA:338,16,1,0
BRDA:339,17,0,0
BRDA:339,17,1,0
BRDA:343,18,0,0
BRDA:343,18,1,0
BRF:36
BRH:0
end_of_record
TN:
SF:/home/zaryab/blockchain_begins/all_about_ethereum/quillHash_CODES/infinityYield/contracts/TokenSale.sol
FN:20,add
FN:36,sub
FN:51,sub
FN:67,mul
FN:92,div
FN:109,div
FN:117,ceil
FN:132,constructor
FN:136,onlyOwner
FN:141,transferOwnership
FN:193,constructor
FN:201,ChangeTax
FN:207,totalSupply
FN:214,balanceOf
FN:247,transfer
FN:275,approve
FN:290,transferFrom
FN:315,allowance
FN:324,onePercent
FNF:19
FNH:0
FNDA:0,add
FNDA:0,sub
FNDA:0,sub
FNDA:0,mul
FNDA:0,div
FNDA:0,div
FNDA:0,ceil
FNDA:0,constructor
FNDA:0,onlyOwner
FNDA:0,transferOwnership
FNDA:0,constructor
FNDA:0,ChangeTax
FNDA:0,totalSupply
FNDA:0,balanceOf
FNDA:0,transfer
FNDA:0,approve
FNDA:0,transferFrom
FNDA:0,allowance
FNDA:0,onePercent
DA:21,0
DA:22,0
DA:24,0
DA:37,0
DA:52,0
DA:53,0
DA:55,0
DA:71,0
DA:72,0
DA:75,0
DA:76,0
DA:78,0
DA:93,0
DA:111,0
DA:112,0
DA:115,0
DA:118,0
DA:133,0
DA:137,0
DA:138,0
DA:142,0
DA:143,0
DA:195,0
DA:196,0
DA:197,0
DA:202,0
DA:208,0
DA:215,0
DA:248,0
DA:249,0
DA:250,0
DA:252,0
DA:253,0
DA:255,0
DA:256,0
DA:257,0
DA:259,0
DA:260,0
DA:261,0
DA:262,0
DA:263,0
DA:264,0
DA:266,0
DA:276,0
DA:277,0
DA:278,0
DA:291,0
DA:292,0
DA:293,0
DA:294,0
DA:296,0
DA:297,0
DA:298,0
DA:299,0
DA:301,0
DA:302,0
DA:303,0
DA:304,0
DA:305,0
DA:306,0
DA:308,0
DA:316,0
DA:325,0
DA:326,0
DA:327,0
LF:65
LH:0
BRDA:22,1,0,0
BRDA:22,1,1,0
BRDA:52,2,0,0
BRDA:52,2,1,0
BRDA:71,3,0,0
BRDA:71,3,1,0
BRDA:76,4,0,0
BRDA:76,4,1,0
BRDA:111,5,0,0
BRDA:111,5,1,0
BRDA:137,6,0,0
BRDA:137,6,1,0
BRDA:248,7,0,0
BRDA:248,7,1,0
BRDA:249,8,0,0
BRDA:249,8,1,0
BRDA:250,9,0,0
BRDA:250,9,1,0
BRDA:255,10,0,0
BRDA:255,10,1,0
BRDA:291,11,0,0
BRDA:291,11,1,0
BRDA:292,12,0,0
BRDA:292,12,1,0
BRDA:297,13,0,0
BRDA:297,13,1,0
BRF:26
BRH:0
end_of_record
